/!\ FAILSAFE /!\  Fri Dec 04 18:30:49 +0300 2009
  Status: 500 Internal Server Error
  could not open database: unable to open database file
    /usr/lib64/ruby/gems/1.8/gems/sqlite3-ruby-1.2.1/lib/sqlite3/errors.rb:94:in `check'
    /usr/lib64/ruby/gems/1.8/gems/sqlite3-ruby-1.2.1/lib/sqlite3/database.rb:112:in `initialize'
    /usr/lib64/ruby/gems/1.8/gems/activerecord-2.3.4/lib/active_record/connection_adapters/sqlite3_adapter.rb:13:in `new'
    /usr/lib64/ruby/gems/1.8/gems/activerecord-2.3.4/lib/active_record/connection_adapters/sqlite3_adapter.rb:13:in `sqlite3_connection'
    /usr/lib64/ruby/gems/1.8/gems/activerecord-2.3.4/lib/active_record/connection_adapters/abstract/connection_pool.rb:223:in `send'
    /usr/lib64/ruby/gems/1.8/gems/activerecord-2.3.4/lib/active_record/connection_adapters/abstract/connection_pool.rb:223:in `new_connection'
    /usr/lib64/ruby/gems/1.8/gems/activerecord-2.3.4/lib/active_record/connection_adapters/abstract/connection_pool.rb:245:in `checkout_new_connection'
    /usr/lib64/ruby/gems/1.8/gems/activerecord-2.3.4/lib/active_record/connection_adapters/abstract/connection_pool.rb:188:in `checkout'
    /usr/lib64/ruby/gems/1.8/gems/activerecord-2.3.4/lib/active_record/connection_adapters/abstract/connection_pool.rb:184:in `loop'
    /usr/lib64/ruby/gems/1.8/gems/activerecord-2.3.4/lib/active_record/connection_adapters/abstract/connection_pool.rb:184:in `checkout'
    /usr/lib/ruby/1.8/monitor.rb:242:in `synchronize'
    /usr/lib64/ruby/gems/1.8/gems/activerecord-2.3.4/lib/active_record/connection_adapters/abstract/connection_pool.rb:183:in `checkout'
    /usr/lib64/ruby/gems/1.8/gems/activerecord-2.3.4/lib/active_record/connection_adapters/abstract/connection_pool.rb:98:in `connection'
    /usr/lib64/ruby/gems/1.8/gems/activerecord-2.3.4/lib/active_record/connection_adapters/abstract/connection_pool.rb:326:in `retrieve_connection'
    /usr/lib64/ruby/gems/1.8/gems/activerecord-2.3.4/lib/active_record/connection_adapters/abstract/connection_specification.rb:123:in `retrieve_connection'
    /usr/lib64/ruby/gems/1.8/gems/activerecord-2.3.4/lib/active_record/connection_adapters/abstract/connection_specification.rb:115:in `connection'
    /usr/lib64/ruby/gems/1.8/gems/activerecord-2.3.4/lib/active_record/query_cache.rb:9:in `cache'
    /usr/lib64/ruby/gems/1.8/gems/activerecord-2.3.4/lib/active_record/query_cache.rb:28:in `call'
    /usr/lib64/ruby/gems/1.8/gems/activerecord-2.3.4/lib/active_record/connection_adapters/abstract/connection_pool.rb:361:in `call'
    /usr/lib64/ruby/gems/1.8/gems/rack-1.0.0/lib/rack/head.rb:9:in `call'
    /usr/lib64/ruby/gems/1.8/gems/rack-1.0.0/lib/rack/methodoverride.rb:24:in `call'
    /usr/lib64/ruby/gems/1.8/gems/actionpack-2.3.4/lib/action_controller/params_parser.rb:15:in `call'
    /usr/lib64/ruby/gems/1.8/gems/actionpack-2.3.4/lib/action_controller/session/cookie_store.rb:93:in `call'
    /usr/lib64/ruby/gems/1.8/gems/actionpack-2.3.4/lib/action_controller/failsafe.rb:26:in `call'
    /usr/lib64/ruby/gems/1.8/gems/rack-1.0.0/lib/rack/lock.rb:11:in `call'
    /usr/lib64/ruby/gems/1.8/gems/rack-1.0.0/lib/rack/lock.rb:11:in `synchronize'
    /usr/lib64/ruby/gems/1.8/gems/rack-1.0.0/lib/rack/lock.rb:11:in `call'
    /usr/lib64/ruby/gems/1.8/gems/actionpack-2.3.4/lib/action_controller/dispatcher.rb:114:in `call'
    /usr/lib64/ruby/gems/1.8/gems/actionpack-2.3.4/lib/action_controller/reloader.rb:34:in `run'
    /usr/lib64/ruby/gems/1.8/gems/actionpack-2.3.4/lib/action_controller/dispatcher.rb:108:in `call'
    /usr/lib64/ruby/gems/1.8/gems/rails-2.3.4/lib/rails/rack/static.rb:31:in `call'
    /usr/lib64/ruby/gems/1.8/gems/rack-1.0.0/lib/rack/urlmap.rb:46:in `call'
    /usr/lib64/ruby/gems/1.8/gems/rack-1.0.0/lib/rack/urlmap.rb:40:in `each'
    /usr/lib64/ruby/gems/1.8/gems/rack-1.0.0/lib/rack/urlmap.rb:40:in `call'
    /usr/lib64/ruby/gems/1.8/gems/rails-2.3.4/lib/rails/rack/log_tailer.rb:17:in `call'
    /usr/lib64/ruby/gems/1.8/gems/rack-1.0.0/lib/rack/content_length.rb:13:in `call'
    /usr/lib64/ruby/gems/1.8/gems/rack-1.0.0/lib/rack/chunked.rb:15:in `call'
    /usr/lib64/ruby/gems/1.8/gems/rack-1.0.0/lib/rack/handler/mongrel.rb:61:in `process'
    /usr/lib64/ruby/gems/1.8/gems/mongrel-1.1.5/lib/mongrel.rb:159:in `process_client'
    /usr/lib64/ruby/gems/1.8/gems/mongrel-1.1.5/lib/mongrel.rb:158:in `each'
    /usr/lib64/ruby/gems/1.8/gems/mongrel-1.1.5/lib/mongrel.rb:158:in `process_client'
    /usr/lib64/ruby/gems/1.8/gems/mongrel-1.1.5/lib/mongrel.rb:285:in `run'
    /usr/lib64/ruby/gems/1.8/gems/mongrel-1.1.5/lib/mongrel.rb:285:in `initialize'
    /usr/lib64/ruby/gems/1.8/gems/mongrel-1.1.5/lib/mongrel.rb:285:in `new'
    /usr/lib64/ruby/gems/1.8/gems/mongrel-1.1.5/lib/mongrel.rb:285:in `run'
    /usr/lib64/ruby/gems/1.8/gems/mongrel-1.1.5/lib/mongrel.rb:268:in `initialize'
    /usr/lib64/ruby/gems/1.8/gems/mongrel-1.1.5/lib/mongrel.rb:268:in `new'
    /usr/lib64/ruby/gems/1.8/gems/mongrel-1.1.5/lib/mongrel.rb:268:in `run'
    /usr/lib64/ruby/gems/1.8/gems/rack-1.0.0/lib/rack/handler/mongrel.rb:34:in `run'
    /usr/lib64/ruby/gems/1.8/gems/rails-2.3.4/lib/commands/server.rb:111
    /usr/lib/ruby/site_ruby/1.8/rubygems/custom_require.rb:31:in `gem_original_require'
    /usr/lib/ruby/site_ruby/1.8/rubygems/custom_require.rb:31:in `require'
    ./script/server:3


Processing ApplicationController#index (for 10.0.0.139 at 2009-12-04 18:41:54) [GET]

ActionController::RoutingError (No route matches "/" with {:method=>:get}):
  

Rendering rescues/layout (not_found)


Processing IndexController#index (for 10.0.0.139 at 2009-12-04 18:42:58) [GET]
Rendering index/index
Completed in 52ms (View: 50, DB: 0) | 200 OK [http://tsweb.toa/]


Processing IndexController#index (for 10.0.0.139 at 2009-12-04 18:44:39) [GET]
Rendering template within layouts/application
Rendering index/index
Completed in 79ms (View: 77, DB: 0) | 200 OK [http://tsweb.toa/]


Processing IndexController#index (for 10.0.0.139 at 2009-12-04 18:46:05) [GET]
Rendering template within layouts/application
Rendering index/index
Completed in 68ms (View: 66, DB: 0) | 200 OK [http://tsweb.toa/]


Processing IndexController#index (for 10.0.0.139 at 2009-12-04 18:52:48) [GET]
Rendering template within layouts/application
Rendering index/index
Rendered layouts/_head (0.8ms)
Completed in 74ms (View: 73, DB: 0) | 200 OK [http://tsweb.toa/]


Processing IndexController#index (for 10.0.0.139 at 2009-12-04 19:02:46) [GET]
Rendering template within layouts/application
Rendering index/index
Rendered layouts/_head (0.9ms)
Completed in 83ms (View: 82, DB: 0) | 200 OK [http://tsweb.toa/]


Processing IndexController#index (for 10.0.0.198 at 2009-12-04 19:03:18) [GET]
Rendering template within layouts/application
Rendering index/index
Rendered layouts/_head (0.3ms)
Completed in 3ms (View: 2, DB: 0) | 200 OK [http://tsweb.toa/]


Processing IndexController#index (for 10.0.0.139 at 2009-12-04 19:09:42) [GET]
Rendering template within layouts/application
Rendering index/index
Rendered layouts/_head (0.9ms)
Completed in 86ms (View: 84, DB: 0) | 200 OK [http://tsweb.toa/]


Processing IndexController#index (for 10.0.0.139 at 2009-12-04 19:12:08) [GET]
Rendering template within layouts/application
Rendering index/index
Rendered layouts/_head (1.2ms)
Completed in 85ms (View: 84, DB: 0) | 200 OK [http://tsweb.toa/]
